<?xml version="1.0" encoding="UTF-8"?>
<!-- Generated by org.testng.reporters.JUnitReportReporter -->
<testsuite hostname="DESKTOP-SU3DCJV" failures="0" tests="4" name="TestRunner.RunnerTest" time="42.198" errors="0" timestamp="2024-01-19T14:54:58 IST" skipped="0">
  <testcase classname="TestRunner.RunnerTest" name="runScenario" time="8.670"/>
  <system-out/>
  <testcase classname="TestRunner.RunnerTest" name="runScenario" time="4.276"/>
  <system-out/>
  <testcase classname="TestRunner.RunnerTest" name="runScenario" time="8.909"/>
  <system-out/>
  <testcase classname="TestRunner.RunnerTest" name="runScenario" time="20.343"/>
  <system-out/>
</testsuite> <!-- TestRunner.RunnerTest -->
