<?xml version="1.0" encoding="UTF-8"?>
<!-- Generated by org.testng.reporters.JUnitReportReporter -->
<testsuite hostname="DESKTOP-SU3DCJV" failures="0" tests="2" name="TestRunner.RunnerTest" time="9.819" errors="0" timestamp="2024-01-19T13:53:30 IST" skipped="0">
  <testcase classname="TestRunner.RunnerTest" name="runScenario" time="1.017"/>
  <system-out/>
  <testcase classname="TestRunner.RunnerTest" name="runScenario" time="8.802"/>
  <system-out/>
</testsuite> <!-- TestRunner.RunnerTest -->
