<?xml version="1.0" encoding="UTF-8"?>
<!-- Generated by org.testng.reporters.JUnitReportReporter -->
<testsuite hostname="DESKTOP-SU3DCJV" failures="0" tests="4" name="TestRunner.RunnerTest" time="11.065" errors="0" timestamp="2024-01-19T14:35:37 IST" skipped="0">
  <testcase classname="TestRunner.RunnerTest" name="runScenario" time="7.973"/>
  <system-out/>
  <testcase classname="TestRunner.RunnerTest" name="runScenario" time="0.665"/>
  <system-out/>
  <testcase classname="TestRunner.RunnerTest" name="runScenario" time="0.352"/>
  <system-out/>
  <testcase classname="TestRunner.RunnerTest" name="runScenario" time="2.075"/>
  <system-out/>
</testsuite> <!-- TestRunner.RunnerTest -->
