<?xml version="1.0" encoding="UTF-8"?>
<!-- Generated by org.testng.reporters.JUnitReportReporter -->
<testsuite hostname="DESKTOP-SU3DCJV" failures="0" tests="1" name="TestRunner.RunnerTest" time="9.489" errors="0" timestamp="2024-01-19T13:29:38 IST" skipped="0">
  <testcase classname="TestRunner.RunnerTest" name="runScenario" time="9.489"/>
  <system-out/>
</testsuite> <!-- TestRunner.RunnerTest -->
