<?xml version="1.0" encoding="UTF-8"?>
<!-- Generated by org.testng.reporters.JUnitReportReporter -->
<testsuite hostname="DESKTOP-SU3DCJV" failures="0" tests="3" name="TestRunner.RunnerTest" time="12.819" errors="0" timestamp="2024-01-19T14:19:18 IST" skipped="0">
  <testcase classname="TestRunner.RunnerTest" name="runScenario" time="0.702"/>
  <system-out/>
  <testcase classname="TestRunner.RunnerTest" name="runScenario" time="10.406"/>
  <system-out/>
  <testcase classname="TestRunner.RunnerTest" name="runScenario" time="1.711"/>
  <system-out/>
</testsuite> <!-- TestRunner.RunnerTest -->
